<?xml version="1.0" encoding="UTF-8"?>
<testsuite name="service.LoanServiceTest" tests="5" skipped="0" failures="0" errors="0" timestamp="2024-07-17T06:47:13" hostname="Shivams-MacBook-Air.local" time="1.027">
  <properties/>
  <testcase name="testUpdateLoanStatusIfFullyPaid()" classname="service.LoanServiceTest" time="0.993"/>
  <testcase name="testGetLoansByUserId()" classname="service.LoanServiceTest" time="0.008"/>
  <testcase name="testRepayLoan()" classname="service.LoanServiceTest" time="0.006"/>
  <testcase name="testApproveLoan()" classname="service.LoanServiceTest" time="0.009"/>
  <testcase name="testApplyForLoan()" classname="service.LoanServiceTest" time="0.004"/>
  <system-out><![CDATA[]]></system-out>
  <system-err><![CDATA[WARNING: A Java agent has been loaded dynamically (/Users/shivamchauhan/.gradle/caches/modules-2/files-2.1/net.bytebuddy/byte-buddy-agent/1.14.17/e3c251a39dc90badaf71c83427ba46840f219d8d/byte-buddy-agent-1.14.17.jar)
WARNING: If a serviceability tool is in use, please run with -XX:+EnableDynamicAgentLoading to hide this warning
WARNING: If a serviceability tool is not in use, please run with -Djdk.instrument.traceUsage for more information
WARNING: Dynamic loading of agents will be disallowed by default in a future release
]]></system-err>
</testsuite>
